  Scanning sources for module dependencies...
  SortAlgorithm.h
  SortAlgorithm.h
  Bank.cpp
  NameCard.cpp
  Generating Code...
  BoundCheckArray.cpp
  CustomVector.cpp
E:\Program\PersonalCLanguageStudy\CStudySolution\Project1\CommonClass\CustomVector.h(274,20): warning C4267: 'initializing': conversion from 'size_t' to 'int', possible loss of data
  InhuMath.cpp
c1xx : fatal  error C1083: Cannot open source file: 'CommonClass\InhuMath.cpp': No such file or directory
  Point.cpp
  String.cpp
E:\Program\PersonalCLanguageStudy\CStudySolution\Project1\CommonClass\String.h(103,37): warning C4267: '=': conversion from 'size_t' to 'int', possible loss of data
  InhuCircularList.cpp
  InhuLinkedList.cpp
E:\Program\PersonalCLanguageStudy\CStudySolution\Project1\DataStructure\List\InhuLinkedList.h(277,13): warning C4101: 'PastValue': unreferenced local variable
  LinkNode.cpp
  Matrix.cpp
  LowerTriangularMatrix.cpp
  InhuCircularQueue.cpp
  InhuTree.cpp
E:\Program\PersonalCLanguageStudy\CStudySolution\Project1\DataStructure\Tree\InhuTree.cpp(30,20): warning C4267: '=': conversion from 'size_t' to 'int', possible loss of data
  SortAlgorithm.cpp
  Main.cpp
  Generating Code...
