c:\program1\personalclanguagestudy\cstudysolution\project1\x64\debug\vc143.pdb
c:\program1\personalclanguagestudy\cstudysolution\project1\x64\debug\vc143.idb
c:\program1\personalclanguagestudy\cstudysolution\project1\x64\debug\namecard.obj
c:\program1\personalclanguagestudy\cstudysolution\project1\x64\debug\bank.obj
c:\program1\personalclanguagestudy\cstudysolution\project1\x64\debug\study.obj
c:\program1\personalclanguagestudy\cstudysolution\project1\x64\debug\sortalgorithm.obj
c:\program1\personalclanguagestudy\cstudysolution\project1\x64\debug\string.obj
c:\program1\personalclanguagestudy\cstudysolution\project1\x64\debug\point.obj
c:\program1\personalclanguagestudy\cstudysolution\project1\x64\debug\inhulinkedlist.obj
c:\program1\personalclanguagestudy\cstudysolution\project1\x64\debug\customvector.obj
c:\program1\personalclanguagestudy\cstudysolution\project1\x64\debug\boundcheckarray.obj
c:\program1\personalclanguagestudy\cstudysolution\project1\x64\debug\sortalgorithm.h.ifc
c:\program1\personalclanguagestudy\cstudysolution\project1\x64\debug\sortalgorithm.h.ifc.d.json
c:\program1\personalclanguagestudy\cstudysolution\project1\x64\debug\sortalgorithm.h.obj
c:\program1\personalclanguagestudy\cstudysolution\project1\x64\debug\inhumath.obj
c:\program1\personalclanguagestudy\cstudysolution\project1\x64\debug\lowertriangularmatrix.obj
c:\program1\personalclanguagestudy\cstudysolution\project1\x64\debug\matrix.obj
c:\program1\personalclanguagestudy\cstudysolution\x64\debug\project1.exe
c:\program1\personalclanguagestudy\cstudysolution\x64\debug\project1.pdb
c:\program1\personalclanguagestudy\cstudysolution\project1\x64\debug\sortalgorithm.h.module.json
c:\program1\personalclanguagestudy\cstudysolution\project1\x64\debug\project1.ilk
c:\program1\personalclanguagestudy\cstudysolution\project1\x64\debug\diagonalmatrix.obj
c:\program1\personalclanguagestudy\cstudysolution\project1\x64\debug\project1.tlog\cl.command.1.tlog
c:\program1\personalclanguagestudy\cstudysolution\project1\x64\debug\project1.tlog\cl.items.tlog
c:\program1\personalclanguagestudy\cstudysolution\project1\x64\debug\project1.tlog\cl.read.1.tlog
c:\program1\personalclanguagestudy\cstudysolution\project1\x64\debug\project1.tlog\cl.write.1.tlog
c:\program1\personalclanguagestudy\cstudysolution\project1\x64\debug\project1.tlog\link.command.1.tlog
c:\program1\personalclanguagestudy\cstudysolution\project1\x64\debug\project1.tlog\link.read.1.tlog
c:\program1\personalclanguagestudy\cstudysolution\project1\x64\debug\project1.tlog\link.secondary.1.tlog
c:\program1\personalclanguagestudy\cstudysolution\project1\x64\debug\project1.tlog\link.write.1.tlog
c:\program1\personalclanguagestudy\cstudysolution\project1\x64\debug\project1_md.tlog\cl.command.1.tlog
c:\program1\personalclanguagestudy\cstudysolution\project1\x64\debug\project1_md.tlog\microsoft.build.cpptasks.cl.read.1.tlog
c:\program1\personalclanguagestudy\cstudysolution\project1\x64\debug\project1_md.tlog\microsoft.build.cpptasks.cl.write.1.tlog
